[2025-06-14T10:52:48.002+0000] {processor.py:161} INFO - Started process (PID=52) to work on /opt/airflow/dags/hello_world.py
[2025-06-14T10:52:48.003+0000] {processor.py:830} INFO - Processing file /opt/airflow/dags/hello_world.py for tasks to queue
[2025-06-14T10:52:48.005+0000] {logging_mixin.py:188} INFO - [2025-06-14T10:52:48.005+0000] {dagbag.py:545} INFO - Filling up the DagBag from /opt/airflow/dags/hello_world.py
[2025-06-14T10:52:48.040+0000] {processor.py:840} INFO - DAG(s) 'hello_world' retrieved from /opt/airflow/dags/hello_world.py
[2025-06-14T10:52:48.152+0000] {logging_mixin.py:188} INFO - [2025-06-14T10:52:48.151+0000] {dag.py:3096} INFO - Sync 1 DAGs
[2025-06-14T10:52:48.161+0000] {logging_mixin.py:188} INFO - [2025-06-14T10:52:48.161+0000] {dag.py:3954} INFO - Setting next_dagrun for hello_world to None, run_after=None
[2025-06-14T10:52:48.184+0000] {processor.py:183} INFO - Processing /opt/airflow/dags/hello_world.py took 0.188 seconds
[2025-06-14T10:53:19.246+0000] {processor.py:161} INFO - Started process (PID=65) to work on /opt/airflow/dags/hello_world.py
[2025-06-14T10:53:19.247+0000] {processor.py:830} INFO - Processing file /opt/airflow/dags/hello_world.py for tasks to queue
[2025-06-14T10:53:19.248+0000] {logging_mixin.py:188} INFO - [2025-06-14T10:53:19.248+0000] {dagbag.py:545} INFO - Filling up the DagBag from /opt/airflow/dags/hello_world.py
[2025-06-14T10:53:19.264+0000] {processor.py:840} INFO - DAG(s) 'hello_world' retrieved from /opt/airflow/dags/hello_world.py
[2025-06-14T10:53:19.406+0000] {logging_mixin.py:188} INFO - [2025-06-14T10:53:19.406+0000] {dag.py:3096} INFO - Sync 1 DAGs
[2025-06-14T10:53:19.419+0000] {logging_mixin.py:188} INFO - [2025-06-14T10:53:19.419+0000] {dag.py:3954} INFO - Setting next_dagrun for hello_world to None, run_after=None
[2025-06-14T10:53:19.440+0000] {processor.py:183} INFO - Processing /opt/airflow/dags/hello_world.py took 0.199 seconds
[2025-06-14T10:53:49.951+0000] {processor.py:161} INFO - Started process (PID=80) to work on /opt/airflow/dags/hello_world.py
[2025-06-14T10:53:49.952+0000] {processor.py:830} INFO - Processing file /opt/airflow/dags/hello_world.py for tasks to queue
[2025-06-14T10:53:49.953+0000] {logging_mixin.py:188} INFO - [2025-06-14T10:53:49.953+0000] {dagbag.py:545} INFO - Filling up the DagBag from /opt/airflow/dags/hello_world.py
[2025-06-14T10:53:49.968+0000] {processor.py:840} INFO - DAG(s) 'hello_world' retrieved from /opt/airflow/dags/hello_world.py
[2025-06-14T10:53:49.992+0000] {logging_mixin.py:188} INFO - [2025-06-14T10:53:49.991+0000] {dag.py:3096} INFO - Sync 1 DAGs
[2025-06-14T10:53:50.004+0000] {logging_mixin.py:188} INFO - [2025-06-14T10:53:50.003+0000] {dag.py:3954} INFO - Setting next_dagrun for hello_world to None, run_after=None
[2025-06-14T10:53:50.019+0000] {processor.py:183} INFO - Processing /opt/airflow/dags/hello_world.py took 0.072 seconds
[2025-06-14T10:54:20.376+0000] {processor.py:161} INFO - Started process (PID=89) to work on /opt/airflow/dags/hello_world.py
[2025-06-14T10:54:20.377+0000] {processor.py:830} INFO - Processing file /opt/airflow/dags/hello_world.py for tasks to queue
[2025-06-14T10:54:20.378+0000] {logging_mixin.py:188} INFO - [2025-06-14T10:54:20.378+0000] {dagbag.py:545} INFO - Filling up the DagBag from /opt/airflow/dags/hello_world.py
[2025-06-14T10:54:20.394+0000] {processor.py:840} INFO - DAG(s) 'hello_world' retrieved from /opt/airflow/dags/hello_world.py
[2025-06-14T10:54:20.417+0000] {logging_mixin.py:188} INFO - [2025-06-14T10:54:20.417+0000] {dag.py:3096} INFO - Sync 1 DAGs
[2025-06-14T10:54:20.428+0000] {logging_mixin.py:188} INFO - [2025-06-14T10:54:20.428+0000] {dag.py:3954} INFO - Setting next_dagrun for hello_world to None, run_after=None
[2025-06-14T10:54:20.444+0000] {processor.py:183} INFO - Processing /opt/airflow/dags/hello_world.py took 0.073 seconds
[2025-06-14T10:57:42.836+0000] {processor.py:161} INFO - Started process (PID=46) to work on /opt/airflow/dags/hello_world.py
[2025-06-14T10:57:42.837+0000] {processor.py:830} INFO - Processing file /opt/airflow/dags/hello_world.py for tasks to queue
[2025-06-14T10:57:42.838+0000] {logging_mixin.py:188} INFO - [2025-06-14T10:57:42.838+0000] {dagbag.py:545} INFO - Filling up the DagBag from /opt/airflow/dags/hello_world.py
[2025-06-14T10:57:42.853+0000] {processor.py:840} INFO - DAG(s) 'hello_world' retrieved from /opt/airflow/dags/hello_world.py
[2025-06-14T10:57:42.943+0000] {logging_mixin.py:188} INFO - [2025-06-14T10:57:42.942+0000] {dag.py:3096} INFO - Sync 1 DAGs
[2025-06-14T10:57:42.952+0000] {logging_mixin.py:188} INFO - [2025-06-14T10:57:42.952+0000] {dag.py:3954} INFO - Setting next_dagrun for hello_world to None, run_after=None
[2025-06-14T10:57:42.969+0000] {processor.py:183} INFO - Processing /opt/airflow/dags/hello_world.py took 0.139 seconds
[2025-06-14T10:58:14.100+0000] {processor.py:161} INFO - Started process (PID=55) to work on /opt/airflow/dags/hello_world.py
[2025-06-14T10:58:14.101+0000] {processor.py:830} INFO - Processing file /opt/airflow/dags/hello_world.py for tasks to queue
[2025-06-14T10:58:14.102+0000] {logging_mixin.py:188} INFO - [2025-06-14T10:58:14.102+0000] {dagbag.py:545} INFO - Filling up the DagBag from /opt/airflow/dags/hello_world.py
[2025-06-14T10:58:14.116+0000] {processor.py:840} INFO - DAG(s) 'hello_world' retrieved from /opt/airflow/dags/hello_world.py
[2025-06-14T10:58:14.138+0000] {logging_mixin.py:188} INFO - [2025-06-14T10:58:14.138+0000] {dag.py:3096} INFO - Sync 1 DAGs
[2025-06-14T10:58:14.149+0000] {logging_mixin.py:188} INFO - [2025-06-14T10:58:14.149+0000] {dag.py:3954} INFO - Setting next_dagrun for hello_world to None, run_after=None
[2025-06-14T10:58:14.168+0000] {processor.py:183} INFO - Processing /opt/airflow/dags/hello_world.py took 0.072 seconds
[2025-06-14T10:58:45.347+0000] {processor.py:161} INFO - Started process (PID=70) to work on /opt/airflow/dags/hello_world.py
[2025-06-14T10:58:45.348+0000] {processor.py:830} INFO - Processing file /opt/airflow/dags/hello_world.py for tasks to queue
[2025-06-14T10:58:45.350+0000] {logging_mixin.py:188} INFO - [2025-06-14T10:58:45.350+0000] {dagbag.py:545} INFO - Filling up the DagBag from /opt/airflow/dags/hello_world.py
[2025-06-14T10:58:45.367+0000] {processor.py:840} INFO - DAG(s) 'hello_world' retrieved from /opt/airflow/dags/hello_world.py
[2025-06-14T10:58:45.391+0000] {logging_mixin.py:188} INFO - [2025-06-14T10:58:45.391+0000] {dag.py:3096} INFO - Sync 1 DAGs
[2025-06-14T10:58:45.402+0000] {logging_mixin.py:188} INFO - [2025-06-14T10:58:45.401+0000] {dag.py:3954} INFO - Setting next_dagrun for hello_world to None, run_after=None
[2025-06-14T10:58:45.418+0000] {processor.py:183} INFO - Processing /opt/airflow/dags/hello_world.py took 0.075 seconds
[2025-06-14T10:59:15.872+0000] {processor.py:161} INFO - Started process (PID=79) to work on /opt/airflow/dags/hello_world.py
[2025-06-14T10:59:15.873+0000] {processor.py:830} INFO - Processing file /opt/airflow/dags/hello_world.py for tasks to queue
[2025-06-14T10:59:15.875+0000] {logging_mixin.py:188} INFO - [2025-06-14T10:59:15.874+0000] {dagbag.py:545} INFO - Filling up the DagBag from /opt/airflow/dags/hello_world.py
[2025-06-14T10:59:15.891+0000] {processor.py:840} INFO - DAG(s) 'hello_world' retrieved from /opt/airflow/dags/hello_world.py
[2025-06-14T10:59:15.914+0000] {logging_mixin.py:188} INFO - [2025-06-14T10:59:15.913+0000] {dag.py:3096} INFO - Sync 1 DAGs
[2025-06-14T10:59:15.924+0000] {logging_mixin.py:188} INFO - [2025-06-14T10:59:15.924+0000] {dag.py:3954} INFO - Setting next_dagrun for hello_world to None, run_after=None
[2025-06-14T10:59:15.940+0000] {processor.py:183} INFO - Processing /opt/airflow/dags/hello_world.py took 0.072 seconds
[2025-06-14T10:59:46.558+0000] {processor.py:161} INFO - Started process (PID=88) to work on /opt/airflow/dags/hello_world.py
[2025-06-14T10:59:46.558+0000] {processor.py:830} INFO - Processing file /opt/airflow/dags/hello_world.py for tasks to queue
[2025-06-14T10:59:46.560+0000] {logging_mixin.py:188} INFO - [2025-06-14T10:59:46.560+0000] {dagbag.py:545} INFO - Filling up the DagBag from /opt/airflow/dags/hello_world.py
[2025-06-14T10:59:46.574+0000] {processor.py:840} INFO - DAG(s) 'hello_world' retrieved from /opt/airflow/dags/hello_world.py
[2025-06-14T10:59:46.596+0000] {logging_mixin.py:188} INFO - [2025-06-14T10:59:46.596+0000] {dag.py:3096} INFO - Sync 1 DAGs
[2025-06-14T10:59:46.607+0000] {logging_mixin.py:188} INFO - [2025-06-14T10:59:46.606+0000] {dag.py:3954} INFO - Setting next_dagrun for hello_world to None, run_after=None
[2025-06-14T10:59:46.624+0000] {processor.py:183} INFO - Processing /opt/airflow/dags/hello_world.py took 0.070 seconds
[2025-06-14T11:00:17.352+0000] {processor.py:161} INFO - Started process (PID=97) to work on /opt/airflow/dags/hello_world.py
[2025-06-14T11:00:17.353+0000] {processor.py:830} INFO - Processing file /opt/airflow/dags/hello_world.py for tasks to queue
[2025-06-14T11:00:17.355+0000] {logging_mixin.py:188} INFO - [2025-06-14T11:00:17.354+0000] {dagbag.py:545} INFO - Filling up the DagBag from /opt/airflow/dags/hello_world.py
[2025-06-14T11:00:17.370+0000] {processor.py:840} INFO - DAG(s) 'hello_world' retrieved from /opt/airflow/dags/hello_world.py
[2025-06-14T11:00:17.392+0000] {logging_mixin.py:188} INFO - [2025-06-14T11:00:17.392+0000] {dag.py:3096} INFO - Sync 1 DAGs
[2025-06-14T11:00:17.403+0000] {logging_mixin.py:188} INFO - [2025-06-14T11:00:17.403+0000] {dag.py:3954} INFO - Setting next_dagrun for hello_world to None, run_after=None
[2025-06-14T11:00:17.419+0000] {processor.py:183} INFO - Processing /opt/airflow/dags/hello_world.py took 0.072 seconds
[2025-06-14T11:00:49.007+0000] {processor.py:161} INFO - Started process (PID=106) to work on /opt/airflow/dags/hello_world.py
[2025-06-14T11:00:49.008+0000] {processor.py:830} INFO - Processing file /opt/airflow/dags/hello_world.py for tasks to queue
[2025-06-14T11:00:49.010+0000] {logging_mixin.py:188} INFO - [2025-06-14T11:00:49.010+0000] {dagbag.py:545} INFO - Filling up the DagBag from /opt/airflow/dags/hello_world.py
[2025-06-14T11:00:49.027+0000] {processor.py:840} INFO - DAG(s) 'hello_world' retrieved from /opt/airflow/dags/hello_world.py
[2025-06-14T11:00:49.051+0000] {logging_mixin.py:188} INFO - [2025-06-14T11:00:49.051+0000] {dag.py:3096} INFO - Sync 1 DAGs
[2025-06-14T11:00:49.061+0000] {logging_mixin.py:188} INFO - [2025-06-14T11:00:49.061+0000] {dag.py:3954} INFO - Setting next_dagrun for hello_world to None, run_after=None
[2025-06-14T11:00:49.078+0000] {processor.py:183} INFO - Processing /opt/airflow/dags/hello_world.py took 0.074 seconds
[2025-06-14T11:01:20.000+0000] {processor.py:161} INFO - Started process (PID=115) to work on /opt/airflow/dags/hello_world.py
[2025-06-14T11:01:20.001+0000] {processor.py:830} INFO - Processing file /opt/airflow/dags/hello_world.py for tasks to queue
[2025-06-14T11:01:20.002+0000] {logging_mixin.py:188} INFO - [2025-06-14T11:01:20.002+0000] {dagbag.py:545} INFO - Filling up the DagBag from /opt/airflow/dags/hello_world.py
[2025-06-14T11:01:20.017+0000] {processor.py:840} INFO - DAG(s) 'hello_world' retrieved from /opt/airflow/dags/hello_world.py
[2025-06-14T11:01:20.039+0000] {logging_mixin.py:188} INFO - [2025-06-14T11:01:20.039+0000] {dag.py:3096} INFO - Sync 1 DAGs
[2025-06-14T11:01:20.050+0000] {logging_mixin.py:188} INFO - [2025-06-14T11:01:20.050+0000] {dag.py:3954} INFO - Setting next_dagrun for hello_world to None, run_after=None
[2025-06-14T11:01:20.065+0000] {processor.py:183} INFO - Processing /opt/airflow/dags/hello_world.py took 0.069 seconds
[2025-06-14T11:01:50.716+0000] {processor.py:161} INFO - Started process (PID=124) to work on /opt/airflow/dags/hello_world.py
[2025-06-14T11:01:50.717+0000] {processor.py:830} INFO - Processing file /opt/airflow/dags/hello_world.py for tasks to queue
[2025-06-14T11:01:50.718+0000] {logging_mixin.py:188} INFO - [2025-06-14T11:01:50.718+0000] {dagbag.py:545} INFO - Filling up the DagBag from /opt/airflow/dags/hello_world.py
[2025-06-14T11:01:50.734+0000] {processor.py:840} INFO - DAG(s) 'hello_world' retrieved from /opt/airflow/dags/hello_world.py
[2025-06-14T11:01:50.791+0000] {logging_mixin.py:188} INFO - [2025-06-14T11:01:50.791+0000] {dag.py:3096} INFO - Sync 1 DAGs
[2025-06-14T11:01:50.802+0000] {logging_mixin.py:188} INFO - [2025-06-14T11:01:50.801+0000] {dag.py:3954} INFO - Setting next_dagrun for hello_world to None, run_after=None
[2025-06-14T11:01:50.817+0000] {processor.py:183} INFO - Processing /opt/airflow/dags/hello_world.py took 0.106 seconds
[2025-06-14T11:02:21.095+0000] {processor.py:161} INFO - Started process (PID=133) to work on /opt/airflow/dags/hello_world.py
[2025-06-14T11:02:21.096+0000] {processor.py:830} INFO - Processing file /opt/airflow/dags/hello_world.py for tasks to queue
[2025-06-14T11:02:21.097+0000] {logging_mixin.py:188} INFO - [2025-06-14T11:02:21.097+0000] {dagbag.py:545} INFO - Filling up the DagBag from /opt/airflow/dags/hello_world.py
[2025-06-14T11:02:21.113+0000] {processor.py:840} INFO - DAG(s) 'hello_world' retrieved from /opt/airflow/dags/hello_world.py
[2025-06-14T11:02:21.135+0000] {logging_mixin.py:188} INFO - [2025-06-14T11:02:21.135+0000] {dag.py:3096} INFO - Sync 1 DAGs
[2025-06-14T11:02:21.145+0000] {logging_mixin.py:188} INFO - [2025-06-14T11:02:21.145+0000] {dag.py:3954} INFO - Setting next_dagrun for hello_world to None, run_after=None
[2025-06-14T11:02:21.161+0000] {processor.py:183} INFO - Processing /opt/airflow/dags/hello_world.py took 0.070 seconds
[2025-06-14T11:02:52.328+0000] {processor.py:161} INFO - Started process (PID=142) to work on /opt/airflow/dags/hello_world.py
[2025-06-14T11:02:52.329+0000] {processor.py:830} INFO - Processing file /opt/airflow/dags/hello_world.py for tasks to queue
[2025-06-14T11:02:52.330+0000] {logging_mixin.py:188} INFO - [2025-06-14T11:02:52.330+0000] {dagbag.py:545} INFO - Filling up the DagBag from /opt/airflow/dags/hello_world.py
[2025-06-14T11:02:52.345+0000] {processor.py:840} INFO - DAG(s) 'hello_world' retrieved from /opt/airflow/dags/hello_world.py
[2025-06-14T11:02:52.369+0000] {logging_mixin.py:188} INFO - [2025-06-14T11:02:52.369+0000] {dag.py:3096} INFO - Sync 1 DAGs
[2025-06-14T11:02:52.381+0000] {logging_mixin.py:188} INFO - [2025-06-14T11:02:52.381+0000] {dag.py:3954} INFO - Setting next_dagrun for hello_world to None, run_after=None
[2025-06-14T11:02:52.397+0000] {processor.py:183} INFO - Processing /opt/airflow/dags/hello_world.py took 0.074 seconds
[2025-06-14T11:03:22.602+0000] {processor.py:161} INFO - Started process (PID=151) to work on /opt/airflow/dags/hello_world.py
[2025-06-14T11:03:22.603+0000] {processor.py:830} INFO - Processing file /opt/airflow/dags/hello_world.py for tasks to queue
[2025-06-14T11:03:22.604+0000] {logging_mixin.py:188} INFO - [2025-06-14T11:03:22.604+0000] {dagbag.py:545} INFO - Filling up the DagBag from /opt/airflow/dags/hello_world.py
[2025-06-14T11:03:22.619+0000] {processor.py:840} INFO - DAG(s) 'hello_world' retrieved from /opt/airflow/dags/hello_world.py
[2025-06-14T11:03:22.642+0000] {logging_mixin.py:188} INFO - [2025-06-14T11:03:22.642+0000] {dag.py:3096} INFO - Sync 1 DAGs
[2025-06-14T11:03:22.652+0000] {logging_mixin.py:188} INFO - [2025-06-14T11:03:22.652+0000] {dag.py:3954} INFO - Setting next_dagrun for hello_world to None, run_after=None
[2025-06-14T11:03:22.667+0000] {processor.py:183} INFO - Processing /opt/airflow/dags/hello_world.py took 0.070 seconds
[2025-06-14T11:13:07.579+0000] {processor.py:161} INFO - Started process (PID=52) to work on /opt/airflow/dags/hello_world.py
[2025-06-14T11:13:07.580+0000] {processor.py:830} INFO - Processing file /opt/airflow/dags/hello_world.py for tasks to queue
[2025-06-14T11:13:07.582+0000] {logging_mixin.py:188} INFO - [2025-06-14T11:13:07.581+0000] {dagbag.py:545} INFO - Filling up the DagBag from /opt/airflow/dags/hello_world.py
[2025-06-14T11:13:07.598+0000] {processor.py:840} INFO - DAG(s) 'hello_world' retrieved from /opt/airflow/dags/hello_world.py
[2025-06-14T11:13:07.689+0000] {logging_mixin.py:188} INFO - [2025-06-14T11:13:07.689+0000] {override.py:1829} INFO - Created Permission View: can edit on DAG:hello_world
[2025-06-14T11:13:07.697+0000] {logging_mixin.py:188} INFO - [2025-06-14T11:13:07.697+0000] {override.py:1829} INFO - Created Permission View: can delete on DAG:hello_world
[2025-06-14T11:13:07.703+0000] {logging_mixin.py:188} INFO - [2025-06-14T11:13:07.702+0000] {override.py:1829} INFO - Created Permission View: can read on DAG:hello_world
[2025-06-14T11:13:07.703+0000] {logging_mixin.py:188} INFO - [2025-06-14T11:13:07.703+0000] {dag.py:3096} INFO - Sync 1 DAGs
[2025-06-14T11:13:07.712+0000] {logging_mixin.py:188} INFO - [2025-06-14T11:13:07.712+0000] {dag.py:3118} INFO - Creating ORM DAG for hello_world
[2025-06-14T11:13:07.713+0000] {logging_mixin.py:188} INFO - [2025-06-14T11:13:07.713+0000] {dag.py:3954} INFO - Setting next_dagrun for hello_world to None, run_after=None
[2025-06-14T11:13:07.730+0000] {processor.py:183} INFO - Processing /opt/airflow/dags/hello_world.py took 0.155 seconds
[2025-06-14T11:13:38.796+0000] {processor.py:161} INFO - Started process (PID=61) to work on /opt/airflow/dags/hello_world.py
[2025-06-14T11:13:38.797+0000] {processor.py:830} INFO - Processing file /opt/airflow/dags/hello_world.py for tasks to queue
[2025-06-14T11:13:38.798+0000] {logging_mixin.py:188} INFO - [2025-06-14T11:13:38.798+0000] {dagbag.py:545} INFO - Filling up the DagBag from /opt/airflow/dags/hello_world.py
[2025-06-14T11:13:38.814+0000] {processor.py:840} INFO - DAG(s) 'hello_world' retrieved from /opt/airflow/dags/hello_world.py
[2025-06-14T11:13:38.836+0000] {logging_mixin.py:188} INFO - [2025-06-14T11:13:38.836+0000] {dag.py:3096} INFO - Sync 1 DAGs
[2025-06-14T11:13:38.846+0000] {logging_mixin.py:188} INFO - [2025-06-14T11:13:38.846+0000] {dag.py:3954} INFO - Setting next_dagrun for hello_world to None, run_after=None
[2025-06-14T11:13:38.865+0000] {processor.py:183} INFO - Processing /opt/airflow/dags/hello_world.py took 0.073 seconds
