[2025-06-14T10:53:00.779+0000] {local_task_job_runner.py:120} INFO - ::group::Pre task execution logs
[2025-06-14T10:53:00.802+0000] {taskinstance.py:2076} INFO - Dependencies all met for dep_context=non-requeueable deps ti=<TaskInstance: hello_dag.say_hello scheduled__2025-06-13T00:00:00+00:00 [queued]>
[2025-06-14T10:53:00.809+0000] {taskinstance.py:2076} INFO - Dependencies all met for dep_context=requeueable deps ti=<TaskInstance: hello_dag.say_hello scheduled__2025-06-13T00:00:00+00:00 [queued]>
[2025-06-14T10:53:00.810+0000] {taskinstance.py:2306} INFO - Starting attempt 1 of 1
[2025-06-14T10:53:00.823+0000] {taskinstance.py:2330} INFO - Executing <Task(PythonOperator): say_hello> on 2025-06-13 00:00:00+00:00
[2025-06-14T10:53:00.828+0000] {warnings.py:112} WARNING - /home/***/.local/lib/python3.12/site-packages/***/task/task_runner/standard_task_runner.py:61: DeprecationWarning: This process (pid=65) is multi-threaded, use of fork() may lead to deadlocks in the child.
  pid = os.fork()

[2025-06-14T10:53:00.829+0000] {standard_task_runner.py:63} INFO - Started process 67 to run task
[2025-06-14T10:53:00.829+0000] {standard_task_runner.py:90} INFO - Running: ['***', 'tasks', 'run', 'hello_dag', 'say_hello', 'scheduled__2025-06-13T00:00:00+00:00', '--job-id', '103', '--raw', '--subdir', 'DAGS_FOLDER/hello_dag.py', '--cfg-path', '/tmp/tmpuewd69hq']
[2025-06-14T10:53:00.830+0000] {standard_task_runner.py:91} INFO - Job 103: Subtask say_hello
[2025-06-14T10:53:00.872+0000] {task_command.py:426} INFO - Running <TaskInstance: hello_dag.say_hello scheduled__2025-06-13T00:00:00+00:00 [running]> on host 0b9acfec885a
[2025-06-14T10:53:00.954+0000] {taskinstance.py:2648} INFO - Exporting env vars: AIRFLOW_CTX_DAG_OWNER='***' AIRFLOW_CTX_DAG_ID='hello_dag' AIRFLOW_CTX_TASK_ID='say_hello' AIRFLOW_CTX_EXECUTION_DATE='2025-06-13T00:00:00+00:00' AIRFLOW_CTX_TRY_NUMBER='1' AIRFLOW_CTX_DAG_RUN_ID='scheduled__2025-06-13T00:00:00+00:00'
[2025-06-14T10:53:00.955+0000] {taskinstance.py:430} INFO - ::endgroup::
[2025-06-14T10:53:00.986+0000] {logging_mixin.py:188} INFO - Hello Airflow!
[2025-06-14T10:53:00.987+0000] {python.py:237} INFO - Done. Returned value was: None
[2025-06-14T10:53:00.989+0000] {taskinstance.py:441} INFO - ::group::Post task execution logs
[2025-06-14T10:53:01.002+0000] {taskinstance.py:1206} INFO - Marking task as SUCCESS. dag_id=hello_dag, task_id=say_hello, run_id=scheduled__2025-06-13T00:00:00+00:00, execution_date=20250613T000000, start_date=20250614T105300, end_date=20250614T105301
[2025-06-14T10:53:01.503+0000] {local_task_job_runner.py:240} INFO - Task exited with return code 0
[2025-06-14T10:53:02.075+0000] {taskinstance.py:3503} INFO - 0 downstream tasks scheduled from follow-on schedule check
[2025-06-14T10:53:02.078+0000] {local_task_job_runner.py:222} INFO - ::endgroup::
