[2025-06-14T10:59:01.832+0000] {local_task_job_runner.py:120} INFO - ::group::Pre task execution logs
[2025-06-14T10:59:01.851+0000] {taskinstance.py:2076} INFO - Dependencies all met for dep_context=non-requeueable deps ti=<TaskInstance: hello_airflow.say_hello_task scheduled__2025-06-14T10:58:00+00:00 [queued]>
[2025-06-14T10:59:01.858+0000] {taskinstance.py:2076} INFO - Dependencies all met for dep_context=requeueable deps ti=<TaskInstance: hello_airflow.say_hello_task scheduled__2025-06-14T10:58:00+00:00 [queued]>
[2025-06-14T10:59:01.859+0000] {taskinstance.py:2306} INFO - Starting attempt 1 of 1
[2025-06-14T10:59:01.871+0000] {taskinstance.py:2330} INFO - Executing <Task(PythonOperator): say_hello_task> on 2025-06-14 10:58:00+00:00
[2025-06-14T10:59:01.875+0000] {warnings.py:112} WARNING - /home/***/.local/lib/python3.12/site-packages/***/task/task_runner/standard_task_runner.py:61: DeprecationWarning: This process (pid=89) is multi-threaded, use of fork() may lead to deadlocks in the child.
  pid = os.fork()

[2025-06-14T10:59:01.876+0000] {standard_task_runner.py:63} INFO - Started process 90 to run task
[2025-06-14T10:59:01.876+0000] {standard_task_runner.py:90} INFO - Running: ['***', 'tasks', 'run', 'hello_***', 'say_hello_task', 'scheduled__2025-06-14T10:58:00+00:00', '--job-id', '110', '--raw', '--subdir', 'DAGS_FOLDER/hello_1min.py', '--cfg-path', '/tmp/tmpb3rl2o4o']
[2025-06-14T10:59:01.877+0000] {standard_task_runner.py:91} INFO - Job 110: Subtask say_hello_task
[2025-06-14T10:59:01.913+0000] {task_command.py:426} INFO - Running <TaskInstance: hello_airflow.say_hello_task scheduled__2025-06-14T10:58:00+00:00 [running]> on host 0b9acfec885a
[2025-06-14T10:59:01.989+0000] {taskinstance.py:2648} INFO - Exporting env vars: AIRFLOW_CTX_DAG_OWNER='***' AIRFLOW_CTX_DAG_ID='hello_***' AIRFLOW_CTX_TASK_ID='say_hello_task' AIRFLOW_CTX_EXECUTION_DATE='2025-06-14T10:58:00+00:00' AIRFLOW_CTX_TRY_NUMBER='1' AIRFLOW_CTX_DAG_RUN_ID='scheduled__2025-06-14T10:58:00+00:00'
[2025-06-14T10:59:01.990+0000] {taskinstance.py:430} INFO - ::endgroup::
[2025-06-14T10:59:02.000+0000] {logging_mixin.py:188} INFO - Hello Airflow!
[2025-06-14T10:59:02.001+0000] {python.py:237} INFO - Done. Returned value was: None
[2025-06-14T10:59:02.002+0000] {taskinstance.py:441} INFO - ::group::Post task execution logs
[2025-06-14T10:59:02.011+0000] {taskinstance.py:1206} INFO - Marking task as SUCCESS. dag_id=hello_***, task_id=say_hello_task, run_id=scheduled__2025-06-14T10:58:00+00:00, execution_date=20250614T105800, start_date=20250614T105901, end_date=20250614T105902
[2025-06-14T10:59:02.215+0000] {local_task_job_runner.py:240} INFO - Task exited with return code 0
[2025-06-14T10:59:02.229+0000] {taskinstance.py:3503} INFO - 0 downstream tasks scheduled from follow-on schedule check
[2025-06-14T10:59:02.231+0000] {local_task_job_runner.py:222} INFO - ::endgroup::
