[2025-06-14T11:01:03.033+0000] {local_task_job_runner.py:120} INFO - ::group::Pre task execution logs
[2025-06-14T11:01:03.053+0000] {taskinstance.py:2076} INFO - Dependencies all met for dep_context=non-requeueable deps ti=<TaskInstance: hello_airflow.say_hello_task scheduled__2025-06-14T11:00:00+00:00 [queued]>
[2025-06-14T11:01:03.059+0000] {taskinstance.py:2076} INFO - Dependencies all met for dep_context=requeueable deps ti=<TaskInstance: hello_airflow.say_hello_task scheduled__2025-06-14T11:00:00+00:00 [queued]>
[2025-06-14T11:01:03.060+0000] {taskinstance.py:2306} INFO - Starting attempt 1 of 1
[2025-06-14T11:01:03.072+0000] {taskinstance.py:2330} INFO - Executing <Task(PythonOperator): say_hello_task> on 2025-06-14 11:00:00+00:00
[2025-06-14T11:01:03.076+0000] {warnings.py:112} WARNING - /home/***/.local/lib/python3.12/site-packages/***/task/task_runner/standard_task_runner.py:61: DeprecationWarning: This process (pid=121) is multi-threaded, use of fork() may lead to deadlocks in the child.
  pid = os.fork()

[2025-06-14T11:01:03.077+0000] {standard_task_runner.py:63} INFO - Started process 122 to run task
[2025-06-14T11:01:03.077+0000] {standard_task_runner.py:90} INFO - Running: ['***', 'tasks', 'run', 'hello_***', 'say_hello_task', 'scheduled__2025-06-14T11:00:00+00:00', '--job-id', '112', '--raw', '--subdir', 'DAGS_FOLDER/hello_1min.py', '--cfg-path', '/tmp/tmpxbopowoa']
[2025-06-14T11:01:03.078+0000] {standard_task_runner.py:91} INFO - Job 112: Subtask say_hello_task
[2025-06-14T11:01:03.114+0000] {task_command.py:426} INFO - Running <TaskInstance: hello_airflow.say_hello_task scheduled__2025-06-14T11:00:00+00:00 [running]> on host 0b9acfec885a
[2025-06-14T11:01:03.187+0000] {taskinstance.py:2648} INFO - Exporting env vars: AIRFLOW_CTX_DAG_OWNER='***' AIRFLOW_CTX_DAG_ID='hello_***' AIRFLOW_CTX_TASK_ID='say_hello_task' AIRFLOW_CTX_EXECUTION_DATE='2025-06-14T11:00:00+00:00' AIRFLOW_CTX_TRY_NUMBER='1' AIRFLOW_CTX_DAG_RUN_ID='scheduled__2025-06-14T11:00:00+00:00'
[2025-06-14T11:01:03.189+0000] {taskinstance.py:430} INFO - ::endgroup::
[2025-06-14T11:01:03.198+0000] {logging_mixin.py:188} INFO - Hello Airflow!
[2025-06-14T11:01:03.199+0000] {python.py:237} INFO - Done. Returned value was: None
[2025-06-14T11:01:03.200+0000] {taskinstance.py:441} INFO - ::group::Post task execution logs
[2025-06-14T11:01:03.208+0000] {taskinstance.py:1206} INFO - Marking task as SUCCESS. dag_id=hello_***, task_id=say_hello_task, run_id=scheduled__2025-06-14T11:00:00+00:00, execution_date=20250614T110000, start_date=20250614T110103, end_date=20250614T110103
[2025-06-14T11:01:03.564+0000] {local_task_job_runner.py:240} INFO - Task exited with return code 0
[2025-06-14T11:01:03.579+0000] {taskinstance.py:3503} INFO - 0 downstream tasks scheduled from follow-on schedule check
[2025-06-14T11:01:03.581+0000] {local_task_job_runner.py:222} INFO - ::endgroup::
